<?xml version="1.0" encoding="UTF-8"?>
<testng-results ignored="0" total="1" passed="1" failed="0" skipped="0">
  <reporter-output>
  </reporter-output>
  <suite started-at="2025-11-03T22:44:25 IST" name="Default suite" finished-at="2025-11-03T22:44:29 IST" duration-ms="4042">
    <groups>
    </groups>
    <test started-at="2025-11-03T22:44:25 IST" name="Default test" finished-at="2025-11-03T22:44:29 IST" duration-ms="4042">
      <class name="com.me1.practice.ddtnotepad">
        <test-method signature="ddtnote()[pri:0, instance:com.me1.practice.ddtnotepad@408d971b]" started-at="2025-11-03T22:44:25 IST" name="ddtnote" finished-at="2025-11-03T22:44:29 IST" duration-ms="4006" status="PASS">
          <reporter-output>
          </reporter-output>
        </test-method> <!-- ddtnote -->
      </class> <!-- com.me1.practice.ddtnotepad -->
    </test> <!-- Default test -->
  </suite> <!-- Default suite -->
</testng-results>
