<?xml version="1.0" encoding="UTF-8"?>
<testng-results ignored="0" total="4" passed="4" failed="0" skipped="0">
  <reporter-output>
  </reporter-output>
  <suite started-at="2025-11-02T18:38:44 IST" name="Suite" finished-at="2025-11-02T18:39:02 IST" duration-ms="18007">
    <groups>
    </groups>
    <test started-at="2025-11-02T18:38:44 IST" name="Test" finished-at="2025-11-02T18:38:52 IST" duration-ms="8103">
      <class name="TestNG_advantages.Test2">
        <test-method signature="setup(java.lang.String)[pri:0, instance:TestNG_advantages.Test2@36ebc363]" started-at="2025-11-02T18:38:44 IST" name="setup" finished-at="2025-11-02T18:38:46 IST" duration-ms="2194" status="PASS">
          <params>
            <param index="0">
              <value>
                <![CDATA[chrome]]>
              </value>
            </param>
          </params>
          <reporter-output>
          </reporter-output>
        </test-method> <!-- setup -->
        <test-method signature="test2()[pri:0, instance:TestNG_advantages.Test2@36ebc363]" started-at="2025-11-02T18:38:46 IST" name="test2" finished-at="2025-11-02T18:38:52 IST" duration-ms="5715" status="PASS">
          <reporter-output>
          </reporter-output>
        </test-method> <!-- test2 -->
      </class> <!-- TestNG_advantages.Test2 -->
    </test> <!-- Test -->
    <test started-at="2025-11-02T18:38:52 IST" name="Test2" finished-at="2025-11-02T18:39:02 IST" duration-ms="9871">
      <class name="TestNG_advantages.Test2">
        <test-method signature="setup(java.lang.String)[pri:0, instance:TestNG_advantages.Test2@37ceb1df]" started-at="2025-11-02T18:38:52 IST" name="setup" finished-at="2025-11-02T18:39:00 IST" duration-ms="8359" status="PASS">
          <params>
            <param index="0">
              <value>
                <![CDATA[firefox]]>
              </value>
            </param>
          </params>
          <reporter-output>
          </reporter-output>
        </test-method> <!-- setup -->
        <test-method signature="test2()[pri:0, instance:TestNG_advantages.Test2@37ceb1df]" started-at="2025-11-02T18:39:00 IST" name="test2" finished-at="2025-11-02T18:39:02 IST" duration-ms="1500" status="PASS">
          <reporter-output>
          </reporter-output>
        </test-method> <!-- test2 -->
      </class> <!-- TestNG_advantages.Test2 -->
    </test> <!-- Test2 -->
  </suite> <!-- Suite -->
</testng-results>
