<?xml version="1.0" encoding="UTF-8"?>
<testng-results ignored="0" total="1" passed="1" failed="0" skipped="0">
  <reporter-output>
  </reporter-output>
  <suite started-at="2025-11-04T01:28:55 IST" name="Default suite" finished-at="2025-11-04T01:28:56 IST" duration-ms="1296">
    <groups>
    </groups>
    <test started-at="2025-11-04T01:28:55 IST" name="Default test" finished-at="2025-11-04T01:28:56 IST" duration-ms="1296">
      <class name="BDD_CRUDoperations.Post">
        <test-method signature="post()[pri:0, instance:BDD_CRUDoperations.Post@5656be13]" started-at="2025-11-04T01:28:55 IST" name="post" finished-at="2025-11-04T01:28:56 IST" duration-ms="1261" status="PASS">
          <reporter-output>
          </reporter-output>
        </test-method> <!-- post -->
      </class> <!-- BDD_CRUDoperations.Post -->
    </test> <!-- Default test -->
  </suite> <!-- Default suite -->
</testng-results>
